%!Adobe-FontList 1.14
%Locale:0x419

%BeginFont
Handler:DirectoryHandler
FontType:TrueType
FontName:Lato-Black
FamilyName:Lato
StyleName:Black
FullName:Lato Black
MenuName:Lato Black
StyleBits:0
WritingScript:Roman
OutlineFileName:C:\Users\Кирилл\Desktop\с курсов\Documents (1)\второй макет на flex\Font\Lato\Lato-Black.ttf
DataFormat:sfntData
FileLength:114588
FileModTime:1292360400
WeightClass:900
WidthClass:5
AngleClass:0
%EndFont

%BeginFont
Handler:DirectoryHandler
FontType:TrueType
FontName:Lato-BlackItalic
FamilyName:Lato
StyleName:Black Italic
FullName:Lato Black Italic
MenuName:Lato Black
StyleBits:1
WritingScript:Roman
OutlineFileName:C:\Users\Кирилл\Desktop\с курсов\Documents (1)\второй макет на flex\Font\Lato\Lato-BlackItalic.ttf
DataFormat:sfntData
FileLength:111616
FileModTime:1292360400
WeightClass:900
WidthClass:5
AngleClass:1
%EndFont

%BeginFont
Handler:DirectoryHandler
FontType:TrueType
FontName:Lato-Bold
FamilyName:Lato
StyleName:Bold
FullName:Lato Bold
MenuName:Lato
StyleBits:2
WritingScript:Roman
OutlineFileName:C:\Users\Кирилл\Desktop\с курсов\Documents (1)\второй макет на flex\Font\Lato\Lato-Bold.ttf
DataFormat:sfntData
FileLength:121788
FileModTime:1292360400
WeightClass:700
WidthClass:5
AngleClass:0
%EndFont

%BeginFont
Handler:DirectoryHandler
FontType:TrueType
FontName:Lato-BoldItalic
FamilyName:Lato
StyleName:Bold Italic
FullName:Lato Bold Italic
MenuName:Lato
StyleBits:3
WritingScript:Roman
OutlineFileName:C:\Users\Кирилл\Desktop\с курсов\Documents (1)\второй макет на flex\Font\Lato\Lato-BoldItalic.ttf
DataFormat:sfntData
FileLength:120312
FileModTime:1292360400
WeightClass:700
WidthClass:5
AngleClass:1
%EndFont

%BeginFont
Handler:DirectoryHandler
FontType:TrueType
FontName:Lato-Hairline
FamilyName:Lato
StyleName:Hairline
FullName:Lato-Hairline
MenuName:Lato Hairline
StyleBits:0
WritingScript:Roman
OutlineFileName:C:\Users\Кирилл\Desktop\с курсов\Documents (1)\второй макет на flex\Font\Lato\Lato-Hairline.ttf
DataFormat:sfntData
FileLength:115316
FileModTime:1292360400
WeightClass:250
WidthClass:5
AngleClass:0
%EndFont

%BeginFont
Handler:DirectoryHandler
FontType:TrueType
FontName:Lato-HairlineItalic
FamilyName:Lato
StyleName:Hairline Italic
FullName:Lato-HairlineItalic
MenuName:Lato Hairline
StyleBits:1
WritingScript:Roman
OutlineFileName:C:\Users\Кирилл\Desktop\с курсов\Documents (1)\второй макет на flex\Font\Lato\Lato-HairlineItalic.ttf
DataFormat:sfntData
FileLength:91460
FileModTime:1292360400
WeightClass:250
WidthClass:5
AngleClass:1
%EndFont

%BeginFont
Handler:DirectoryHandler
FontType:TrueType
FontName:Lato-Italic
FamilyName:Lato
StyleName:Italic
FullName:Lato Italic
MenuName:Lato
StyleBits:1
WritingScript:Roman
OutlineFileName:C:\Users\Кирилл\Desktop\с курсов\Documents (1)\второй макет на flex\Font\Lato\Lato-Italic.ttf
DataFormat:sfntData
FileLength:118352
FileModTime:1292360400
WeightClass:400
WidthClass:5
AngleClass:1
%EndFont

%BeginFont
Handler:DirectoryHandler
FontType:TrueType
FontName:Lato-Light
FamilyName:Lato
StyleName:Light
FullName:Lato-Light
MenuName:Lato Light
StyleBits:0
WritingScript:Roman
OutlineFileName:C:\Users\Кирилл\Desktop\с курсов\Documents (1)\второй макет на flex\Font\Lato\Lato-Light.ttf
DataFormat:sfntData
FileLength:122524
FileModTime:1292360400
WeightClass:300
WidthClass:5
AngleClass:0
%EndFont

%BeginFont
Handler:DirectoryHandler
FontType:TrueType
FontName:Lato-LightItalic
FamilyName:Lato
StyleName:Light Italic
FullName:Lato-LightItalic
MenuName:Lato Light
StyleBits:1
WritingScript:Roman
OutlineFileName:C:\Users\Кирилл\Desktop\с курсов\Documents (1)\второй макет на flex\Font\Lato\Lato-LightItalic.ttf
DataFormat:sfntData
FileLength:91600
FileModTime:1292360400
WeightClass:300
WidthClass:5
AngleClass:1
%EndFont

%BeginFont
Handler:DirectoryHandler
FontType:TrueType
FontName:Lato-Regular
FamilyName:Lato
StyleName:Regular
FullName:Lato Regular
MenuName:Lato
StyleBits:0
WritingScript:Roman
OutlineFileName:C:\Users\Кирилл\Desktop\с курсов\Documents (1)\второй макет на flex\Font\Lato\Lato-Regular.ttf
DataFormat:sfntData
FileLength:120196
FileModTime:1292360400
WeightClass:400
WidthClass:5
AngleClass:0
%EndFont

%BeginFont
Handler:DirectoryHandler
FontType:Invalid
OutlineFileName:C:\Users\Кирилл\Desktop\с курсов\Documents (1)\второй макет на flex\Font\Lato\OFL.txt
FileModTime:1292360400
%EndFont

